Release 14.7 - xst P.20131013 (nt64)
Copyright (c) 1995-2013 Xilinx, Inc.  All rights reserved.
--> Parameter TMPDIR set to xst/projnav.tmp


Total REAL time to Xst completion: 0.00 secs
Total CPU time to Xst completion: 0.18 secs
 
--> Parameter xsthdpdir set to xst


Total REAL time to Xst completion: 0.00 secs
Total CPU time to Xst completion: 0.18 secs
 
--> Reading design: binaryto7seg.prj

TABLE OF CONTENTS
  1) Synthesis Options Summary
  2) HDL Parsing
  3) HDL Elaboration
  4) HDL Synthesis
       4.1) HDL Synthesis Report
  5) Advanced HDL Synthesis
       5.1) Advanced HDL Synthesis Report
  6) Low Level Synthesis
  7) Partition Report
  8) Design Summary
       8.1) Primitive and Black Box Usage
       8.2) Device utilization summary
       8.3) Partition Resource Summary
       8.4) Timing Report
            8.4.1) Clock Information
            8.4.2) Asynchronous Control Signals Information
            8.4.3) Timing Summary
            8.4.4) Timing Details
            8.4.5) Cross Clock Domains Report


=========================================================================
*                      Synthesis Options Summary                        *
=========================================================================
---- Source Parameters
Input File Name                    : "binaryto7seg.prj"
Ignore Synthesis Constraint File   : NO

---- Target Parameters
Output File Name                   : "binaryto7seg"
Output Format                      : NGC
Target Device                      : xc6slx9-3-tqg144

---- Source Options
Top Module Name                    : binaryto7seg
Automatic FSM Extraction           : YES
FSM Encoding Algorithm             : Auto
Safe Implementation                : No
FSM Style                          : LUT
RAM Extraction                     : Yes
RAM Style                          : Auto
ROM Extraction                     : Yes
Shift Register Extraction          : YES
ROM Style                          : Auto
Resource Sharing                   : YES
Asynchronous To Synchronous        : NO
Shift Register Minimum Size        : 2
Use DSP Block                      : Auto
Automatic Register Balancing       : No

---- Target Options
LUT Combining                      : Auto
Reduce Control Sets                : Auto
Add IO Buffers                     : YES
Global Maximum Fanout              : 100000
Add Generic Clock Buffer(BUFG)     : 16
Register Duplication               : YES
Optimize Instantiated Primitives   : NO
Use Clock Enable                   : Auto
Use Synchronous Set                : Auto
Use Synchronous Reset              : Auto
Pack IO Registers into IOBs        : Auto
Equivalent register Removal        : YES

---- General Options
Optimization Goal                  : Speed
Optimization Effort                : 1
Power Reduction                    : NO
Keep Hierarchy                     : No
Netlist Hierarchy                  : As_Optimized
RTL Output                         : Yes
Global Optimization                : AllClockNets
Read Cores                         : YES
Write Timing Constraints           : NO
Cross Clock Analysis               : NO
Hierarchy Separator                : /
Bus Delimiter                      : <>
Case Specifier                     : Maintain
Slice Utilization Ratio            : 100
BRAM Utilization Ratio             : 100
DSP48 Utilization Ratio            : 100
Auto BRAM Packing                  : NO
Slice Utilization Ratio Delta      : 5

=========================================================================


=========================================================================
*                          HDL Parsing                                  *
=========================================================================
Analyzing Verilog file "C:\Users\Mahyar Onsori\Desktop\New folder\AZ2\binaryto7seg.v" into library work
Parsing module <binaryto7seg>.

=========================================================================
*                            HDL Elaboration                            *
=========================================================================

Elaborating module <binaryto7seg>.

=========================================================================
*                           HDL Synthesis                               *
=========================================================================

Synthesizing Unit <binaryto7seg>.
    Related source file is "C:\Users\Mahyar Onsori\Desktop\New folder\AZ2\binaryto7seg.v".
    Found 1-bit register for signal <input_4bit[3]_clk_DFF_8>.
    Found 7-bit register for signal <Z_1_o_dff_33_OUT>.
    Found 1-bit tristate buffer for signal <output_7seg<6>> created at line 26
    Found 1-bit tristate buffer for signal <output_7seg<5>> created at line 26
    Found 1-bit tristate buffer for signal <output_7seg<4>> created at line 26
    Found 1-bit tristate buffer for signal <output_7seg<3>> created at line 26
    Found 1-bit tristate buffer for signal <output_7seg<2>> created at line 26
    Found 1-bit tristate buffer for signal <output_7seg<1>> created at line 26
    Found 1-bit tristate buffer for signal <output_7seg<0>> created at line 26
    Summary:
	inferred   8 D-type flip-flop(s).
	inferred  17 Multiplexer(s).
	inferred   7 Tristate(s).
Unit <binaryto7seg> synthesized.

=========================================================================
HDL Synthesis Report

Macro Statistics
# Registers                                            : 2
 1-bit register                                        : 1
 7-bit register                                        : 1
# Multiplexers                                         : 17
 1-bit 2-to-1 multiplexer                              : 16
 7-bit 2-to-1 multiplexer                              : 1
# Tristates                                            : 7
 1-bit tristate buffer                                 : 7

=========================================================================

=========================================================================
*                       Advanced HDL Synthesis                          *
=========================================================================


=========================================================================
Advanced HDL Synthesis Report

Macro Statistics
# Registers                                            : 8
 Flip-Flops                                            : 8
# Multiplexers                                         : 17
 1-bit 2-to-1 multiplexer                              : 16
 7-bit 2-to-1 multiplexer                              : 1

=========================================================================

=========================================================================
*                         Low Level Synthesis                           *
=========================================================================

Optimizing unit <binaryto7seg> ...
WARNING:Xst:1710 - FF/Latch <input_4bit[3]_clk_DFF_8> (without init value) has a constant value of 1 in block <binaryto7seg>. This FF/Latch will be trimmed during the optimization process.

Mapping all equations...
Building and optimizing final netlist ...
Found area constraint ratio of 100 (+ 5) on block binaryto7seg, actual ratio is 0.

Final Macro Processing ...

=========================================================================
Final Register Report

Macro Statistics
# Registers                                            : 7
 Flip-Flops                                            : 7

=========================================================================

=========================================================================
*                           Partition Report                            *
=========================================================================

Partition Implementation Status
-------------------------------

  No Partitions were found in this design.

-------------------------------

=========================================================================
*                            Design Summary                             *
=========================================================================

Top Level Output File Name         : binaryto7seg.ngc

Primitive and Black Box Usage:
------------------------------
# BELS                             : 7
#      LUT4                        : 7
# FlipFlops/Latches                : 7
#      FD                          : 7
# Clock Buffers                    : 1
#      BUFGP                       : 1
# IO Buffers                       : 11
#      IBUF                        : 4
#      OBUF                        : 7

Device utilization summary:
---------------------------

Selected Device : 6slx9tqg144-3 


Slice Logic Utilization: 
 Number of Slice LUTs:                    7  out of   5720     0%  
    Number used as Logic:                 7  out of   5720     0%  

Slice Logic Distribution: 
 Number of LUT Flip Flop pairs used:      7
   Number with an unused Flip Flop:       7  out of      7   100%  
   Number with an unused LUT:             0  out of      7     0%  
   Number of fully used LUT-FF pairs:     0  out of      7     0%  
   Number of unique control sets:         1

IO Utilization: 
 Number of IOs:                          12
 Number of bonded IOBs:                  12  out of    102    11%  
    IOB Flip Flops/Latches:               7

Specific Feature Utilization:
 Number of BUFG/BUFGCTRLs:                1  out of     16     6%  

---------------------------
Partition Resource Summary:
---------------------------

  No Partitions were found in this design.

---------------------------


=========================================================================
Timing Report

NOTE: THESE TIMING NUMBERS ARE ONLY A SYNTHESIS ESTIMATE.
      FOR ACCURATE TIMING INFORMATION PLEASE REFER TO THE TRACE REPORT
      GENERATED AFTER PLACE-and-ROUTE.

Clock Information:
------------------
-----------------------------------+------------------------+-------+
Clock Signal                       | Clock buffer(FF name)  | Load  |
-----------------------------------+------------------------+-------+
clk                                | BUFGP                  | 7     |
-----------------------------------+------------------------+-------+

Asynchronous Control Signals Information:
----------------------------------------
No asynchronous control signals found in this design

Timing Summary:
---------------
Speed Grade: -3

   Minimum period: No path found
   Minimum input arrival time before clock: 2.548ns
   Maximum output required time after clock: 3.597ns
   Maximum combinational path delay: No path found

Timing Details:
---------------
All values displayed in nanoseconds (ns)

=========================================================================
Timing constraint: Default OFFSET IN BEFORE for Clock 'clk'
  Total number of paths / destination ports: 28 / 7
-------------------------------------------------------------------------
Offset:              2.548ns (Levels of Logic = 2)
  Source:            input_4bit<1> (PAD)
  Destination:       output_7seg_0 (FF)
  Destination Clock: clk rising

  Data Path: input_4bit<1> to output_7seg_0
                                Gate     Net
    Cell:in->out      fanout   Delay   Delay  Logical Name (Net Name)
    ----------------------------------------  ------------
     IBUF:I->O             7   1.222   1.021  input_4bit_1_IBUF (input_4bit_1_IBUF)
     LUT4:I0->O            1   0.203   0.000  Mmux_n013071 (n0130<6>)
     FD:D                      0.102          output_7seg_6
    ----------------------------------------
    Total                      2.548ns (1.527ns logic, 1.021ns route)
                                       (59.9% logic, 40.1% route)

=========================================================================
Timing constraint: Default OFFSET OUT AFTER for Clock 'clk'
  Total number of paths / destination ports: 7 / 7
-------------------------------------------------------------------------
Offset:              3.597ns (Levels of Logic = 1)
  Source:            output_7seg_6 (FF)
  Destination:       output_7seg<6> (PAD)
  Source Clock:      clk rising

  Data Path: output_7seg_6 to output_7seg<6>
                                Gate     Net
    Cell:in->out      fanout   Delay   Delay  Logical Name (Net Name)
    ----------------------------------------  ------------
     FD:C->Q               1   0.447   0.579  output_7seg_6 (output_7seg_6)
     OBUF:I->O                 2.571          output_7seg_6_OBUF (output_7seg<6>)
    ----------------------------------------
    Total                      3.597ns (3.018ns logic, 0.579ns route)
                                       (83.9% logic, 16.1% route)

=========================================================================

Cross Clock Domains Report:
--------------------------

=========================================================================


Total REAL time to Xst completion: 8.00 secs
Total CPU time to Xst completion: 7.72 secs
 
--> 

Total memory usage is 4494012 kilobytes

Number of errors   :    0 (   0 filtered)
Number of warnings :    1 (   0 filtered)
Number of infos    :    0 (   0 filtered)

